[2025-10-14 10:00:10] [INFO] Database backup process started on primary replica
[2025-10-14 10:01:25] [ERROR] Failed to establish secure TLS handshake with client 10.10.10.5
[2025-10-14 10:02:30] [DEBUG] Prepared statement cache size: 50/100
[2025-10-14 10:03:05] [WARNING] Disk usage 90% on partition /home/user/data
[2025-10-14 10:04:12] [ERROR] Worker thread T-05 crashed due to stack overflow
[2025-10-14 10:05:00] [INFO] User session 3001 invalidated due to inactivity
[2025-10-14 10:06:17] [DEBUG] Routing request to handler '/process/data'
[2025-10-14 10:07:22] [ERROR] Load balancer health check failed for instance i-0a1b2c3d4e5f
[2025-10-14 10:08:00] [WARNING] System clock skew detected: 15 seconds off from UTC
[2025-10-14 10:09:11] [INFO] Connection established to Redis cache server on port 6379
[2025-10-14 10:10:05] [ERROR] Attempt to access restricted memory address 0x0000FFFF
[2025-10-14 10:11:18] [DEBUG] Received 15 parameters for function 'process_request'
[2025-10-14 10:12:25] [WARNING] Old log files older than 30 days were archived
[2025-10-14 10:13:00] [INFO] Firewall rule R-99 added to block known malicious IP
[2025-10-14 10:14:10] [ERROR] Primary database replica has fallen 100 transactions behind
[2025-10-14 10:15:05] [DEBUG] Running garbage collection cycle: 50ms pause
[2025-10-14 10:16:11] [INFO] Cache populated with 500 new entries
[2025-10-14 10:17:20] [WARNING] Invalid character encoding used in CSV import file
[2025-10-14 10:18:00] [ERROR] Unexpected EOF while reading socket from upstream service
[2025-10-14 10:19:15] [INFO] Audit log generated for security review, size 1MB
