[2025-10-14 08:00:01] [INFO] Server started successfully on port 8080
[2025-10-14 08:00:15] [INFO] Configuration loaded from /etc/app/config.yaml
[2025-10-14 08:01:05] [INFO] Worker process 15 started
[2025-10-14 08:02:11] [ERROR] Database connection failed: timeout after 60s
[2025-10-14 08:02:15] [ERROR] Database connection failed: timeout after 60s
[2025-10-14 08:03:01] [DEBUG] Cache item 'user_session_123' fetched
[2025-10-14 08:03:45] [INFO] API endpoint /metrics accessed by 192.168.1.10
[2025-10-14 08:04:22] [WARNING] Deprecated function 'old_api_call' used in module 'legacy.py'
[2025-10-14 08:05:00] [INFO] Scheduled job 'daily_cleanup' initiated
[2025-10-14 08:05:18] [ERROR] Failed to write to temp directory: /var/tmp/data
[2025-10-14 08:06:05] [INFO] Heartbeat from node 'worker-b' received
[2025-10-14 08:07:01] [DEBUG] Request processing time: 45ms for user_id=456
[2025-10-14 08:08:10] [WARNING] Network latency high: 500ms to external service
[2025-10-14 08:09:01] [INFO] User 'mural' logged in successfully
[2025-10-14 08:10:00] [ERROR] Memory allocation failed for process 789
[2025-10-14 08:11:05] [INFO] Data synchronization started for table 'accounts'
[2025-10-14 08:12:11] [ERROR] File not found: /data/input/process_001.csv
[2025-10-14 08:13:01] [DEBUG] SQL query executed: SELECT * FROM users LIMIT 10
[2025-10-14 08:14:15] [WARNING] Configuration override detected in environment variables
[2025-10-14 08:15:00] [INFO] Daily backup process finished in 120s
[2025-10-14 08:16:01] [ERROR] Unhandled exception in thread 'background_worker'
[2025-10-14 08:17:10] [DEBUG] Starting request trace for path /api/v2/items
[2025-10-14 08:18:05] [INFO] New connection established from 10.0.0.50
[2025-10-14 08:19:01] [WARNING] Certificate expiring soon for domain example.com
[2025-10-14 08:20:00] [ERROR] Index out of bounds in array processing module
[2025-10-14 08:21:09] [INFO] Request POST /api/user/create received
[2025-10-14 08:22:01] [DEBUG] User agent: Mozilla/5.0 (Windows NT 10.0; Win64; x64)
[2025-10-14 08:23:11] [ERROR] Failed to lock resource 'job_queue_01'
[2025-10-14 08:24:00] [INFO] Load average exceeded threshold: 5.5
[2025-10-14 08:25:05] [WARNING] Multiple concurrent logins detected for user 'service_acct'
[2025-10-14 08:26:01] [ERROR] Disk I/O error on device /dev/sda1
[2025-10-14 08:27:15] [INFO] Authentication token refreshed for session XYZ789
[2025-10-14 08:28:00] [DEBUG] Response size: 1024 bytes
[2025-10-14 08:29:10] [WARNING] Request size exceeds limit: 12MB
[2025-10-14 08:30:01] [INFO] Worker process 15 shutting down
[2025-10-14 08:31:05] [ERROR] Service endpoint /external/api is unreachable
[2025-10-14 08:32:11] [DEBUG] Configuration parameter 'debug_mode' set to True
[2025-10-14 08:33:00] [INFO] User 'guest' attempted to access restricted resource /admin
[2025-10-14 08:34:15] [WARNING] CPU temperature high: 95C
[2025-10-14 08:35:01] [ERROR] Failed to parse JSON response from service B
[2025-10-14 08:36:10] [INFO] Session ID 1001 created
[2025-10-14 08:37:05] [DEBUG] Executing stored procedure 'SP_REPORT_GEN'
[2025-10-14 08:38:11] [WARNING] Insufficient permissions for file operation: /var/log/secure.log
[2025-10-14 08:39:00] [ERROR] Null pointer dereference in module 'driver'
[2025-10-14 08:40:01] [INFO] Data stream 'sensor_data' activated
[2025-10-14 08:41:05] [DEBUG] Transaction commit successful for ID 5001
[2025-10-14 08:42:15] [ERROR] SQL syntax error near 'JOIN'
[2025-10-14 08:43:00] [WARNING] Outgoing email queue size high: 500+ messages
[2025-10-14 08:44:01] [INFO] Cluster node 'manager-1' elected leader
[2025-10-14 08:45:10] [ERROR] Connection pool exhausted: max_connections reached
[2025-10-14 08:46:05] [DEBUG] Received payload size: 4096 bytes
[2025-10-14 08:47:11] [INFO] Cleanup of temporary files initiated
[2025-10-14 08:48:00] [WARNING] Untrusted SSL certificate presented by external server
[2025-10-14 08:49:01] [ERROR] Data corruption detected in storage block 0xAF3C
[2025-10-14 08:50:05] [INFO] Processing batch job 2025-10-14-1 complete
[2025-10-14 08:51:15] [DEBUG] Checking access control list for user 'api_client'
[2025-10-14 08:52:00] [ERROR] Resource limit exceeded: max_open_files=1024
[2025-10-14 08:53:01] [WARNING] Time synchronization failed with NTP server 1.pool.ntp.org
[2025-10-14 08:54:10] [INFO] User 'admin' changed system setting 'MAX_THREADS' to 50
[2025-10-14 08:55:05] [ERROR] Queue processing stopped due to upstream error
[2025-10-14 08:56:11] [DEBUG] Function 'calculate_checksum' returned 0xDEADBEEF
[2025-10-14 08:57:00] [INFO] Health check passed for load balancer target group
[2025-10-14 08:58:01] [WARNING] Request took too long: 1500ms for path /data/heavy
[2025-10-14 08:59:15] [ERROR] Invalid argument passed to system call 'ioctl'
[2025-10-14 09:00:03] [WARNING] Low disk space detected on mount /data: 5% remaining
[2025-10-14 09:01:09] [ERROR] User authentication failed: invalid_password from IP 10.1.1.100
[2025-10-14 09:02:01] [INFO] Restarting database connection due to previous failure
[2025-10-14 09:03:10] [DEBUG] Retrieved 1000 records from cache
[2025-10-14 09:04:05] [ERROR] Remote API returned HTTP 500 error
[2025-10-14 09:05:11] [INFO] Client disconnected gracefully from session 1002
[2025-10-14 09:06:00] [WARNING] Process PID 888 stuck in infinite loop, terminating
[2025-10-14 09:07:01] [ERROR] Permission denied on socket file /tmp/socket.sock
[2025-10-14 09:08:15] [DEBUG] Input validation successful for user 'test_user'
[2025-10-14 09:09:00] [INFO] TTL expiration cleanup removed 500 stale records
[2025-10-14 09:10:01] [ERROR] Deadlock detected between threads A and B
[2025-10-14 09:11:10] [WARNING] Missing dependency 'libxml2' during startup
[2025-10-14 09:12:05] [INFO] Applying security patch version 3.1.2
[2025-10-14 09:13:11] [ERROR] Failed to send notification email: SMTP error
[2025-10-14 09:14:00] [DEBUG] Reading 4MB block from storage
[2025-10-14 09:15:01] [INFO] User 'bob' created new report 'MonthlySales'
[2025-10-14 09:16:15] [WARNING] Password hash rotation overdue for system account
[2025-10-14 09:17:00] [ERROR] Configuration file /etc/app/network.conf is corrupt
[2025-10-14 09:18:01] [INFO] Data ingestion from source 'S3_BUCKET' started
[2025-10-14 09:19:10] [DEBUG] Comparing hash 0xABC123 to 0xABC123: match
[2025-10-14 09:20:05] [ERROR] Out of available IP addresses in subnet 192.168.2.0/24
[2025-10-14 09:21:11] [WARNING] Thread pool size exceeded, creating new thread
[2025-10-14 09:22:00] [INFO] Monitoring agent connected to central server
[2025-10-14 09:23:01] [ERROR] Client closed connection unexpectedly during transfer
[2025-10-14 09:24:15] [DEBUG] Entering critical section: lock acquired
[2025-10-14 09:25:00] [INFO] User 'guest' logged out
[2025-10-14 09:26:01] [WARNING] Request blocked by firewall rule 404: SYN flood
[2025-10-14 09:27:10] [ERROR] Data integrity check failed on file /data/archive/old.zip
[2025-10-14 09:28:05] [INFO] Task 'update_stats' completed with status OK
[2025-10-14 09:29:11] [DEBUG] Function call 'process_queue(10)' took 5ms
[2025-10-14 09:30:00] [ERROR] Hardware fault detected: CPU fan speed too low
[2025-10-14 09:31:01] [WARNING] Expired session purged for user_id=999
[2025-10-14 09:32:15] [INFO] New version deployed successfully: v1.5.0
[2025-10-14 09:33:00] [ERROR] Failed to decrypt data block: invalid key
[2025-10-14 09:34:01] [DEBUG] Memory usage: 80% of total capacity
[2025-10-14 09:35:10] [INFO] Log rotation completed for /var/log/application.log
[2025-10-14 09:36:05] [WARNING] High number of redirects detected for external link
[2025-10-14 09:37:11] [ERROR] Timeout waiting for lock on resource 'inventory_table'
[2025-10-14 09:38:00] [INFO] Cache flush initiated by system administrator
[2025-10-14 09:39:01] [DEBUG] Current working directory: /opt/app/bin
[2025-10-14 09:40:15] [ERROR] Unknown protocol version received from client
[2025-10-14 09:41:00] [WARNING] Invalid characters found in input string 'user@name!'
[2025-10-14 09:42:01] [INFO] Process completed successfully: records_processed=1500
[2025-10-14 09:43:10] [ERROR] Connection refused by remote host 172.16.0.1
[2025-10-14 09:44:05] [DEBUG] Entering retry loop for database query
[2025-10-14 09:45:11] [INFO] New user account created: username=new_member
[2025-10-14 09:46:00] [WARNING] File ownership changed: from root to appuser
[2025-10-14 09:47:01] [ERROR] Service dependency 'payment_gateway' failed health check
[2025-10-14 09:48:15] [DEBUG] Exiting function 'cleanup_temp_files'
[2025-10-14 09:49:00] [INFO] All services report operational status
[2025-10-14 09:50:01] [ERROR] Assertion failed: value must be non-negative
[2025-10-14 09:51:10] [WARNING] Geolocation data missing for request IP 203.0.113.45
[2025-10-14 09:52:05] [INFO] System is now running in degraded mode
[2025-10-14 09:53:11] [ERROR] Circular dependency detected in module loading
[2025-10-14 09:54:00] [DEBUG] Environment variable 'DEBUG_LEVEL' is 3
[2025-10-14 09:55:01] [INFO] Maintenance window closing
[2025-10-14 09:56:15] [WARNING] Attempt to delete non-existent record ID 500
[2025-10-14 09:57:00] [ERROR] Process terminated abruptly by signal 9 (SIGKILL)
[2025-10-14 09:58:01] [DEBUG] Received 100 ping requests in last 60 seconds
[2025-10-14 09:59:10] [INFO] Daily report generation successful
[2025-10-14 10:00:05] [ERROR] Invalid certificate chain presented for client authentication